<?xml version="1.0" encoding="utf-8"?><testsuites><testsuite name="pytest" errors="0" failures="0" skipped="0" tests="109" time="20.146" timestamp="2024-09-27T09:15:14.443923" hostname="kathleen-login-1"><testcase classname="tests.CLI.help.test_logging" name="test__update_caller" time="0.001" /><testcase classname="tests.CLI.help.test_logging" name="test__update_caller_file_path" time="0.002" /><testcase classname="tests.CLI.help.test_logging" name="test_add_output" time="0.014" /><testcase classname="tests.CLI.help.test_logging" name="test_log_command" time="0.005" /><testcase classname="tests.CLI.help.test_reporting_scenario" name="test_none_if_empty_path" time="0.001" /><testcase classname="tests.CLI.test_about" name="test_about_command" time="0.686" /><testcase classname="tests.CLI.test_add_solver" name="test_add_solver_command" time="2.914" /><testcase classname="tests.CLI.test_initialise" name="test_initialise_command" time="2.644" /><testcase classname="tests.CLI.test_marginal_contribution.TestMarginalContribution" name="test_compute_actual_selector_marginal_contribution" time="0.000" /><testcase classname="tests.CLI.test_marginal_contribution.TestMarginalContribution" name="test_compute_actual_selector_performance" time="0.019" /><testcase classname="tests.CLI.test_marginal_contribution.TestMarginalContribution" name="test_compute_marginal_contribution" time="0.000" /><testcase classname="tests.CLI.test_snapshot" name="test_load_command" time="2.868" /><testcase classname="tests.CLI.test_snapshot" name="test_save_command" time="5.353" /><testcase classname="tests.configurator.test_configurator_SMAC2.TestConfiguratorSMAC2" name="test_smac2_configure" time="0.022" /><testcase classname="tests.configurator.test_configurator_SMAC2.TestConfiguratorSMAC2" name="test_smac2_get_optimal_configuration" time="0.003" /><testcase classname="tests.configurator.test_configurator_SMAC2.TestConfiguratorSMAC2" name="test_smac2_get_status_from_logs" time="0.001" /><testcase classname="tests.configurator.test_configurator_SMAC2.TestConfiguratorSMAC2" name="test_smac2_organise_output" time="0.003" /><testcase classname="tests.configurator.test_configurator_SMAC2.TestConfigurationScenarioSMAC2" name="test_configuration_scenario_check_instance_directory" time="0.026" /><testcase classname="tests.configurator.test_configurator_SMAC2.TestConfigurationScenarioSMAC2" name="test_configuration_scenario_check_result_directory" time="0.019" /><testcase classname="tests.configurator.test_configurator_SMAC2.TestConfigurationScenarioSMAC2" name="test_configuration_scenario_check_scenario_directory" time="0.020" /><testcase classname="tests.configurator.test_configurator_SMAC2.TestConfigurationScenarioSMAC2" name="test_configuration_scenario_check_scenario_file" time="0.024" /><testcase classname="tests.configurator.test_configurator_SMAC2.TestConfigurationScenarioSMAC2" name="test_configuration_scenario_init" time="0.008" /><testcase classname="tests.instance.test_instances" name="test_resolve_instance_set" time="0.000" /><testcase classname="tests.instance.test_instances" name="test_multi_file_instance_set" time="0.000" /><testcase classname="tests.instance.test_instances" name="test_iterable_file_instance_set" time="0.000" /><testcase classname="tests.instance.test_instances" name="test_file_instance_set" time="0.000" /><testcase classname="tests.platform.test_generate_report_for_configuration.TestGenerateConfigurationReport" name="test_configuration_report_variables_with_ablation" time="0.001" /><testcase classname="tests.platform.test_generate_report_for_configuration.TestGenerateConfigurationReport" name="test_configuration_report_variables_with_features" time="0.002" /><testcase classname="tests.platform.test_generate_report_for_configuration.TestGenerateConfigurationReport" name="test_configuration_report_variables_without_test" time="0.001" /><testcase classname="tests.platform.test_generate_report_for_configuration.TestGenerateConfigurationReport" name="test_generate_report_for_configuration" time="0.002" /><testcase classname="tests.platform.test_generate_report_for_configuration.TestGenerateConfigurationReport" name="test_generate_report_for_configuration_train" time="0.001" /><testcase classname="tests.platform.test_generate_report_for_configuration.TestGenerateConfigurationReport" name="test_get_ablation_bool_false" time="0.001" /><testcase classname="tests.platform.test_generate_report_for_configuration.TestGenerateConfigurationReport" name="test_get_ablation_bool_true" time="0.001" /><testcase classname="tests.platform.test_generate_report_for_configuration.TestGenerateConfigurationReport" name="test_get_ablation_table" time="0.003" /><testcase classname="tests.platform.test_generate_report_for_configuration.TestGenerateConfigurationReport" name="test_get_average_performance" time="0.001" /><testcase classname="tests.platform.test_generate_report_for_configuration.TestGenerateConfigurationReport" name="test_get_data_for_plot_instance_error" time="0.001" /><testcase classname="tests.platform.test_generate_report_for_configuration.TestGenerateConfigurationReport" name="test_get_data_for_plot_same_instance" time="0.001" /><testcase classname="tests.platform.test_generate_report_for_configuration.TestGenerateConfigurationReport" name="test_get_dict_instance_to_performance" time="0.002" /><testcase classname="tests.platform.test_generate_report_for_configuration.TestGenerateConfigurationReport" name="test_get_dict_variable_to_value_common" time="0.002" /><testcase classname="tests.platform.test_generate_report_for_configuration.TestGenerateConfigurationReport" name="test_get_dict_variable_to_value_test" time="0.003" /><testcase classname="tests.platform.test_generate_report_for_configuration.TestGenerateConfigurationReport" name="test_get_dict_variable_to_value_with_test" time="0.001" /><testcase classname="tests.platform.test_generate_report_for_configuration.TestGenerateConfigurationReport" name="test_get_figure_configure_vs_default" time="0.006" /><testcase classname="tests.platform.test_generate_report_for_configuration.TestGenerateConfigurationReport" name="test_get_figure_configure_vs_default_par" time="0.002" /><testcase classname="tests.platform.test_generate_report_for_configuration.TestGenerateConfigurationReport" name="test_get_timeouts" time="0.001" /><testcase classname="tests.solver.test_ablation.TestAblationScenario" name="test_ablation_scenario_constructor" time="0.002" /><testcase classname="tests.solver.test_ablation.TestAblationScenario" name="test_check_for_ablation" time="0.001" /><testcase classname="tests.solver.test_ablation.TestAblationScenario" name="test_create_configuration_file" time="0.001" /><testcase classname="tests.solver.test_ablation.TestAblationScenario" name="test_create_instance_file" time="0.001" /><testcase classname="tests.solver.test_ablation.TestAblationScenario" name="test_read_ablation_table" time="0.001" /><testcase classname="tests.solver.test_ablation.TestAblationScenario" name="test_submit_ablation" time="0.001" /><testcase classname="tests.solver.test_extractor" name="test_extractor_constructor" time="0.000" /><testcase classname="tests.solver.test_extractor" name="test_features" time="0.000" /><testcase classname="tests.solver.test_extractor" name="test_feature_groups" time="0.000" /><testcase classname="tests.solver.test_extractor" name="test_output_dimension" time="0.000" /><testcase classname="tests.solver.test_extractor" name="test_groupwise_computation" time="0.000" /><testcase classname="tests.solver.test_extractor" name="test_build_cmd" time="0.000" /><testcase classname="tests.solver.test_extractor" name="test_run" time="0.000" /><testcase classname="tests.solver.test_extractor" name="test_get_feature_vector" time="0.000" /><testcase classname="tests.solver.test_selector" name="test_selector_constructor" time="0.000" /><testcase classname="tests.solver.test_selector" name="test_build_construction_cmd" time="0.000" /><testcase classname="tests.solver.test_selector" name="test_construct" time="0.000" /><testcase classname="tests.solver.test_selector" name="test_build_cmd" time="0.000" /><testcase classname="tests.solver.test_selector" name="test_run" time="0.000" /><testcase classname="tests.solver.test_selector" name="test_process_predict_schedule_output" time="0.000" /><testcase classname="tests.solver.test_solver.TestSolver" name="test_init_variables" time="0.003" /><testcase classname="tests.solver.test_solver.TestSolver" name="test_is_deterministic_false" time="0.004" /><testcase classname="tests.solver.test_solver.TestSolver" name="test_is_deterministic_true" time="0.003" /><testcase classname="tests.solver.test_solver.TestSolver" name="test_pcs_file_correct_name" time="0.006" /><testcase classname="tests.solver.test_solver.TestSolver" name="test_pcs_file_multiple" time="0.007" /><testcase classname="tests.solver.test_solver.TestSolver" name="test_pcs_file_none" time="0.004" /><testcase classname="tests.solver.test_validator" name="test_validator_constructor" time="0.000" /><testcase classname="tests.solver.test_validator" name="test_validate" time="0.000" /><testcase classname="tests.solver.test_validator" name="test_retrieve_raw_results" time="0.000" /><testcase classname="tests.solver.test_validator" name="test_get_validation_results" time="0.000" /><testcase classname="tests.solver.test_validator" name="test_append_entry_to_csv" time="0.000" /><testcase classname="tests.structures.test_feature_dataframe" name="test_feature_dataframe_constructor" time="0.000" /><testcase classname="tests.structures.test_feature_dataframe" name="test_add_extractor" time="0.000" /><testcase classname="tests.structures.test_feature_dataframe" name="test_add_instances" time="0.000" /><testcase classname="tests.structures.test_feature_dataframe" name="test_remove_extractor" time="0.000" /><testcase classname="tests.structures.test_feature_dataframe" name="test_remove_instances" time="0.000" /><testcase classname="tests.structures.test_feature_dataframe" name="test_get_feature_groups" time="0.000" /><testcase classname="tests.structures.test_feature_dataframe" name="test_has_missing_vectors" time="0.000" /><testcase classname="tests.structures.test_feature_dataframe" name="test_get_remaining_jobs" time="0.000" /><testcase classname="tests.structures.test_feature_dataframe" name="test_get_instance" time="0.000" /><testcase classname="tests.structures.test_feature_dataframe" name="test_impute_missing_values" time="0.000" /><testcase classname="tests.structures.test_feature_dataframe" name="test_has_missing_values" time="0.000" /><testcase classname="tests.structures.test_feature_dataframe" name="test_reset_dataframe" time="0.000" /><testcase classname="tests.structures.test_feature_dataframe" name="test_sort" time="0.000" /><testcase classname="tests.structures.test_feature_dataframe" name="test_instances" time="0.000" /><testcase classname="tests.structures.test_feature_dataframe" name="test_extractors" time="0.001" /><testcase classname="tests.structures.test_feature_dataframe" name="test_save_csv" time="0.000" /><testcase classname="tests.structures.test_feature_dataframe" name="test_to_autofolio" time="0.000" /><testcase classname="tests.structures.test_performance_dataframe.TestPerformanceData" name="test_calc_best_performance" time="0.047" /><testcase classname="tests.structures.test_performance_dataframe.TestPerformanceData" name="test_calc_best_performance_instance" time="0.016" /><testcase classname="tests.structures.test_performance_dataframe.TestPerformanceData" name="test_get_job_list" time="0.020" /><testcase classname="tests.structures.test_performance_dataframe.TestPerformanceData" name="test_get_list_remaining_performance_computation_job" time="0.014" /><testcase classname="tests.structures.test_performance_dataframe.TestPerformanceData" name="test_get_solver_ranking" time="0.017" /><testcase classname="tests.structures.test_performance_dataframe.TestPerformanceData" name="test_marginal_contribution" time="0.026" /><testcase classname="tests.structures.test_performance_dataframe.TestPerformanceData" name="test_num_instances" time="0.012" /><testcase classname="tests.test_about.TestAbout" name="test_about_str_type" time="0.000" /><testcase classname="tests.tools.test_tools" name="test_pcs_parser" time="0.000" /><testcase classname="tests.tools.test_tools" name="test_general" time="0.000" /><testcase classname="tests.tools.test_tools" name="test_runsolver_parsing" time="0.000" /><testcase classname="tests.tools.test_tools" name="test_solver_wrapper_parsing" time="0.000" /><testcase classname="tests.types.test_types.TestResolveObjective" name="test_failing_par" time="0.002" /><testcase classname="tests.types.test_types.TestResolveObjective" name="test_failing_strings" time="0.000" /><testcase classname="tests.types.test_types.TestResolveObjective" name="test_min_max_suffix" time="0.004" /><testcase classname="tests.types.test_types.TestResolveObjective" name="test_par" time="0.002" /><testcase classname="tests.types.test_types.TestResolveObjective" name="test_resolving_basic" time="0.002" /></testsuite></testsuites>